2025-06-27T13:15:22: 🤖 Запуск Telegram бота...
2025-06-27T13:15:22: 📁 Путь к базе данных: /var/www/russkii-portal/db/database.sqlite
2025-06-28T00:57:50: 🤖 Запуск Telegram бота...
2025-06-28T00:57:50: 📁 Путь к базе данных: /var/www/russkii-portal/db/database.sqlite
2025-06-28T01:04:05: 🤖 Запуск Telegram бота...
2025-06-28T01:04:06: 📁 Путь к базе данных: /var/www/russkii-portal/db/database.sqlite
2025-06-28T15:59:44: 🚀🚀🚀 ЗАПУСК НОВОГО ИСПРАВЛЕННОГО БОТА 2025-01-28 🚀🚀🚀
2025-06-28T15:59:44: НОВЫЙ БОТ ВЕРСИЯ 2.0 ЗАПУЩЕН
2025-06-28T15:59:44: 🤖 Запуск Telegram бота...
2025-06-28T15:59:44: 📁 Путь к базе данных: /var/www/russkii-portal/db/database.sqlite
2025-06-28T15:59:44: 🔥 ИСПРАВЛЕННАЯ ВЕРСИЯ БОТА ЗАПУЩЕНА! (новая логика pending_registrations)
2025-06-28T18:22:35: 🚀🚀🚀 ЗАПУСК НОВОГО ИСПРАВЛЕННОГО БОТА 2025-01-28 🚀🚀🚀
2025-06-28T18:22:35: НОВЫЙ БОТ ВЕРСИЯ 2.0 ЗАПУЩЕН
2025-06-28T18:22:35: 🤖 Запуск Telegram бота...
2025-06-28T18:22:35: 📁 Путь к базе данных: /var/www/russkii-portal/db/database.sqlite
2025-06-28T18:22:35: 🔥 ИСПРАВЛЕННАЯ ВЕРСИЯ БОТА ЗАПУЩЕНА! (новая логика pending_registrations)
2025-06-28T19:37:50: 🚀🚀🚀 ЗАПУСК НОВОГО ИСПРАВЛЕННОГО БОТА 2025-01-28 🚀🚀🚀
2025-06-28T19:37:50: НОВЫЙ БОТ ВЕРСИЯ 2.0 ЗАПУЩЕН
2025-06-28T19:37:51: 🤖 Запуск Telegram бота...
2025-06-28T19:37:51: 📁 Путь к базе данных: /var/www/russkii-portal/db/database.sqlite
2025-06-28T19:37:51: 🔥 ИСПРАВЛЕННАЯ ВЕРСИЯ БОТА ЗАПУЩЕНА! (новая логика pending_registrations)
2025-06-28T19:38:17: 🚀🚀🚀 ЗАПУСК НОВОГО ИСПРАВЛЕННОГО БОТА 2025-01-28 🚀🚀🚀
2025-06-28T19:38:17: НОВЫЙ БОТ ВЕРСИЯ 2.0 ЗАПУЩЕН
2025-06-28T19:38:17: 🤖 Запуск Telegram бота...
2025-06-28T19:38:17: 📁 Путь к базе данных: /var/www/russkii-portal/db/database.sqlite
2025-06-28T19:38:17: 🔥 ИСПРАВЛЕННАЯ ВЕРСИЯ БОТА ЗАПУЩЕНА! (новая логика pending_registrations)
2025-06-28T19:38:17: 🛒 ВЕРСИЯ 3.0: Запрос заказов от пользователя 5998116373
2025-06-28T19:38:17: 🔍 ВЕРСИЯ 3.0: Поиск пользователя по chat_id: 5998116373
2025-06-28T19:38:17: ✅ ВЕРСИЯ 3.0: Пользователь найден: petyatiktoker@gmail.com (verified: 1)
2025-06-28T19:38:17: ✅ ВЕРСИЯ 3.0: Найден пользователь: petyatiktoker@gmail.com (ID: ad2d9a34-e357-4022-88b4-c79708520f25)
2025-06-28T19:38:24: 🛒 ВЕРСИЯ 3.0: Запрос заказов от пользователя 5998116373
2025-06-28T19:38:24: 🔍 ВЕРСИЯ 3.0: Поиск пользователя по chat_id: 5998116373
2025-06-28T19:38:24: ✅ ВЕРСИЯ 3.0: Пользователь найден: petyatiktoker@gmail.com (verified: 1)
2025-06-28T19:38:24: ✅ ВЕРСИЯ 3.0: Найден пользователь: petyatiktoker@gmail.com (ID: ad2d9a34-e357-4022-88b4-c79708520f25)
2025-06-28T19:39:55: 🛒 ВЕРСИЯ 3.0: Запрос заказов от пользователя 5998116373
2025-06-28T19:39:55: 🔍 ВЕРСИЯ 3.0: Поиск пользователя по chat_id: 5998116373
2025-06-28T19:39:55: ✅ ВЕРСИЯ 3.0: Пользователь найден: petyatiktoker@gmail.com (verified: 1)
2025-06-28T19:39:55: ✅ ВЕРСИЯ 3.0: Найден пользователь: petyatiktoker@gmail.com (ID: ad2d9a34-e357-4022-88b4-c79708520f25)
2025-06-28T19:40:10: 🛒 ВЕРСИЯ 3.0: Запрос заказов от пользователя 5998116373
2025-06-28T19:40:10: 🔍 ВЕРСИЯ 3.0: Поиск пользователя по chat_id: 5998116373
2025-06-28T19:40:10: ✅ ВЕРСИЯ 3.0: Пользователь найден: petyatiktoker@gmail.com (verified: 1)
2025-06-28T19:40:10: ✅ ВЕРСИЯ 3.0: Найден пользователь: petyatiktoker@gmail.com (ID: ad2d9a34-e357-4022-88b4-c79708520f25)
2025-06-28T19:40:12: 🛒 ВЕРСИЯ 3.0: Запрос заказов от пользователя 5998116373
2025-06-28T19:40:12: 🔍 ВЕРСИЯ 3.0: Поиск пользователя по chat_id: 5998116373
2025-06-28T19:40:12: ✅ ВЕРСИЯ 3.0: Пользователь найден: petyatiktoker@gmail.com (verified: 1)
2025-06-28T19:40:12: ✅ ВЕРСИЯ 3.0: Найден пользователь: petyatiktoker@gmail.com (ID: ad2d9a34-e357-4022-88b4-c79708520f25)
2025-06-28T19:41:33: 🛒 ВЕРСИЯ 3.0: Запрос заказов от пользователя 5998116373
2025-06-28T19:41:33: 🔍 ВЕРСИЯ 3.0: Поиск пользователя по chat_id: 5998116373
2025-06-28T19:41:33: ❌ ВЕРСИЯ 3.0: Пользователь не найден по chat_id: 5998116373
2025-06-28T19:41:33: ❌ ВЕРСИЯ 3.0: Пользователь не найден по chat_id 5998116373
2025-06-28T19:41:33: 📋 ВЕРСИЯ 3.0: Пользователи с telegram_chat_id в базе:
2025-06-28T19:42:22: 📱 ВЕРСИЯ 3.0: Получена команда /start от пользователя 6826609528, токен: x6l27grwucm3damv2jr7p3
2025-06-28T19:42:22: 🆕 НОВАЯ ЛОГИКА 3.0: Поиск пользователя для верификации:
2025-06-28T19:42:22:    🔑 Токен: x6l27grwucm3damv2jr7p3
2025-06-28T19:42:22:    💬 Chat ID: 6826609528
2025-06-28T19:42:22: 🎯 ВЕРСИЯ 3.0: Найдена запись в pending_registrations:
2025-06-28T19:42:22:    📞 Телефон: +79920793424
2025-06-28T19:42:22:    ✅ Верифицирован: Нет
2025-06-28T19:42:22:    📅 Создан: 2025-06-28 16:42:17
2025-06-28T19:42:22:    📧 ВЕРСИЯ 3.0 - Email: etodastandetka@gmail.com
2025-06-28T19:42:22: 🚀 ВЕРСИЯ 3.0: Верифицируем pending_registrations...
2025-06-28T19:42:22: 🎉 ВЕРСИЯ 3.0: Pending registration верифицирована успешно
2025-06-28T19:42:22: ⏳ ВЕРСИЯ 3.0: Обработка ожидающей верификации для: etodastandetka@gmail.com
2025-06-28T19:42:29: 📱 ВЕРСИЯ 3.0: Получен контакт от пользователя 6826609528: +79920793424
2025-06-28T19:42:29: 🔍 ВЕРСИЯ 3.0: Начинаем обработку контакта от 6826609528
2025-06-28T19:42:29: 🔍 ВЕРСИЯ 3.0: Поиск пользователя по chat_id: 6826609528
2025-06-28T19:42:29: ❌ ВЕРСИЯ 3.0: Пользователь не найден по chat_id: 6826609528
2025-06-28T19:42:29: ⚠️ ВЕРСИЯ 3.0: Пользователь не найден по chat_id, ищем в pending_registrations...
2025-06-28T19:42:29: 📋 ВЕРСИЯ 3.0: Пользователи с telegram_chat_id в базе:
2025-06-28T19:42:29: 📋 ВЕРСИЯ 3.0: Найдена pending_registration для etodastandetka@gmail.com
2025-06-28T19:42:29: ✅ ВЕРСИЯ 3.0: Работаем с пользователем: etodastandetka@gmail.com
2025-06-28T19:42:29: 📞 ВЕРСИЯ 3.0: Исходный номер: "+79920793424"
2025-06-28T19:42:29: 📞 ВЕРСИЯ 3.0: Нормализованный полученный номер: "+79920793424"
2025-06-28T19:42:29: 📋 ВЕРСИЯ 3.0: Ожидаемый номер из users: +79920793424
2025-06-28T19:42:29: 🔍 ВЕРСИЯ 3.0: Сравнение номеров: ожидаемый "+79920793424" vs полученный "+79920793424"
2025-06-28T19:42:29: ✅ ВЕРСИЯ 3.0: Номера совпадают, подтверждаем верификацию
2025-06-28T19:42:29: 🆕 ВЕРСИЯ 3.0: Обрабатываем pending_registration...
2025-06-28T19:42:29: 🆕 ВЕРСИЯ 3.0: Создаем нового пользователя: etodastandetka@gmail.com
2025-06-28T19:42:29: ✅ ВЕРСИЯ 3.0: Пользователь создан: etodastandetka@gmail.com (ID: 154141b9-d2d9-483a-971f-8dbd4b5c4ef8)
2025-06-28T19:42:29: 🗑️ ВЕРСИЯ 3.0: Удаление pending_registration: +79920793424, токен: x6l27grwucm3damv2jr7p3
2025-06-28T19:42:29: ✅ ВЕРСИЯ 3.0: Удалено записей pending_registrations: 1
2025-06-28T19:44:37: 📱 ВЕРСИЯ 3.0: Получена команда /start от пользователя 5998116373, токен: we23o6h6tvfx1otr1brna
2025-06-28T19:44:37: 🆕 НОВАЯ ЛОГИКА 3.0: Поиск пользователя для верификации:
2025-06-28T19:44:37:    🔑 Токен: we23o6h6tvfx1otr1brna
2025-06-28T19:44:37:    💬 Chat ID: 5998116373
2025-06-28T19:44:37: 🎯 ВЕРСИЯ 3.0: Найдена запись в pending_registrations:
2025-06-28T19:44:37:    📞 Телефон: +79615163632
2025-06-28T19:44:37:    ✅ Верифицирован: Нет
2025-06-28T19:44:37:    📅 Создан: 2025-06-28 16:44:34
2025-06-28T19:44:37:    📧 ВЕРСИЯ 3.0 - Email: petyatiktoker@gmail.com
2025-06-28T19:44:37: 🚀 ВЕРСИЯ 3.0: Верифицируем pending_registrations...
2025-06-28T19:44:37: 🎉 ВЕРСИЯ 3.0: Pending registration верифицирована успешно
2025-06-28T19:44:37: ⏳ ВЕРСИЯ 3.0: Обработка ожидающей верификации для: petyatiktoker@gmail.com
2025-06-28T19:44:40: 📱 ВЕРСИЯ 3.0: Получен контакт от пользователя 5998116373: +79615163632
2025-06-28T19:44:40: 🔍 ВЕРСИЯ 3.0: Начинаем обработку контакта от 5998116373
2025-06-28T19:44:40: 🔍 ВЕРСИЯ 3.0: Поиск пользователя по chat_id: 5998116373
2025-06-28T19:44:40: ❌ ВЕРСИЯ 3.0: Пользователь не найден по chat_id: 5998116373
2025-06-28T19:44:40: ⚠️ ВЕРСИЯ 3.0: Пользователь не найден по chat_id, ищем в pending_registrations...
2025-06-28T19:44:40: 📋 ВЕРСИЯ 3.0: Пользователи с telegram_chat_id в базе:
2025-06-28T19:44:40:    1. Email: etodastandetka@gmail.com, Chat ID: 6826609528, Verified: 1
2025-06-28T19:44:40: 📋 ВЕРСИЯ 3.0: Найдена pending_registration для petyatiktoker@gmail.com
2025-06-28T19:44:40: ✅ ВЕРСИЯ 3.0: Работаем с пользователем: petyatiktoker@gmail.com
2025-06-28T19:44:40: 📞 ВЕРСИЯ 3.0: Исходный номер: "+79615163632"
2025-06-28T19:44:40: 📞 ВЕРСИЯ 3.0: Нормализованный полученный номер: "+79615163632"
2025-06-28T19:44:40: 📋 ВЕРСИЯ 3.0: Ожидаемый номер из users: +79615163632
2025-06-28T19:44:40: 🔍 ВЕРСИЯ 3.0: Сравнение номеров: ожидаемый "+79615163632" vs полученный "+79615163632"
2025-06-28T19:44:40: ✅ ВЕРСИЯ 3.0: Номера совпадают, подтверждаем верификацию
2025-06-28T19:44:40: 🆕 ВЕРСИЯ 3.0: Обрабатываем pending_registration...
2025-06-28T19:44:40: 🆕 ВЕРСИЯ 3.0: Создаем нового пользователя: petyatiktoker@gmail.com
2025-06-28T19:44:40: ✅ ВЕРСИЯ 3.0: Пользователь создан: petyatiktoker@gmail.com (ID: 4835dce1-3268-4921-8a6a-7d851e006b9b)
2025-06-28T19:44:40: 🗑️ ВЕРСИЯ 3.0: Удаление pending_registration: +79615163632, токен: we23o6h6tvfx1otr1brna
2025-06-28T19:44:40: ✅ ВЕРСИЯ 3.0: Удалено записей pending_registrations: 1
2025-06-28T19:45:10: 🛒 ВЕРСИЯ 3.0: Запрос заказов от пользователя 5998116373
2025-06-28T19:45:10: 🔍 ВЕРСИЯ 3.0: Поиск пользователя по chat_id: 5998116373
2025-06-28T19:45:10: ✅ ВЕРСИЯ 3.0: Пользователь найден: petyatiktoker@gmail.com (verified: 1)
2025-06-28T19:45:10: ✅ ВЕРСИЯ 3.0: Найден пользователь: petyatiktoker@gmail.com (ID: 4835dce1-3268-4921-8a6a-7d851e006b9b)
2025-06-28T19:46:05: 📱 ВЕРСИЯ 3.0: Получена команда /start от пользователя 1333967466, токен: 7dw0z0suerxobq8k9xxu8
2025-06-28T19:46:05: 🆕 НОВАЯ ЛОГИКА 3.0: Поиск пользователя для верификации:
2025-06-28T19:46:05:    🔑 Токен: 7dw0z0suerxobq8k9xxu8
2025-06-28T19:46:05:    💬 Chat ID: 1333967466
2025-06-28T19:46:05: 🎯 ВЕРСИЯ 3.0: Найдена запись в pending_registrations:
2025-06-28T19:46:05:    📞 Телефон: +79253662869
2025-06-28T19:46:05:    ✅ Верифицирован: Нет
2025-06-28T19:46:05:    📅 Создан: 2025-06-28 16:46:02
2025-06-28T19:46:05:    📧 ВЕРСИЯ 3.0 - Email: nikita.kupavna@mail.ru
2025-06-28T19:46:05: 🚀 ВЕРСИЯ 3.0: Верифицируем pending_registrations...
2025-06-28T19:46:05: 🎉 ВЕРСИЯ 3.0: Pending registration верифицирована успешно
2025-06-28T19:46:05: ⏳ ВЕРСИЯ 3.0: Обработка ожидающей верификации для: nikita.kupavna@mail.ru
2025-06-28T19:46:20: 📱 ВЕРСИЯ 3.0: Получен контакт от пользователя 1333967466: +79253662869
2025-06-28T19:46:20: 🔍 ВЕРСИЯ 3.0: Начинаем обработку контакта от 1333967466
2025-06-28T19:46:20: 🔍 ВЕРСИЯ 3.0: Поиск пользователя по chat_id: 1333967466
2025-06-28T19:46:20: ❌ ВЕРСИЯ 3.0: Пользователь не найден по chat_id: 1333967466
2025-06-28T19:46:20: ⚠️ ВЕРСИЯ 3.0: Пользователь не найден по chat_id, ищем в pending_registrations...
2025-06-28T19:46:20: 📋 ВЕРСИЯ 3.0: Пользователи с telegram_chat_id в базе:
2025-06-28T19:46:20:    1. Email: etodastandetka@gmail.com, Chat ID: 6826609528, Verified: 1
2025-06-28T19:46:20:    2. Email: petyatiktoker@gmail.com, Chat ID: 5998116373, Verified: 1
2025-06-28T19:46:20: 📋 ВЕРСИЯ 3.0: Найдена pending_registration для nikita.kupavna@mail.ru
2025-06-28T19:46:20: ✅ ВЕРСИЯ 3.0: Работаем с пользователем: nikita.kupavna@mail.ru
2025-06-28T19:46:20: 📞 ВЕРСИЯ 3.0: Исходный номер: "+79253662869"
2025-06-28T19:46:20: 📞 ВЕРСИЯ 3.0: Нормализованный полученный номер: "+79253662869"
2025-06-28T19:46:20: 📋 ВЕРСИЯ 3.0: Ожидаемый номер из users: +79253662869
2025-06-28T19:46:20: 🔍 ВЕРСИЯ 3.0: Сравнение номеров: ожидаемый "+79253662869" vs полученный "+79253662869"
2025-06-28T19:46:20: ✅ ВЕРСИЯ 3.0: Номера совпадают, подтверждаем верификацию
2025-06-28T19:46:20: 🆕 ВЕРСИЯ 3.0: Обрабатываем pending_registration...
2025-06-28T19:46:20: 🆕 ВЕРСИЯ 3.0: Создаем нового пользователя: nikita.kupavna@mail.ru
2025-06-28T19:46:20: ✅ ВЕРСИЯ 3.0: Пользователь создан: nikita.kupavna@mail.ru (ID: efd924e4-04a1-49b3-99d9-d5b0d0b45302)
2025-06-28T19:46:20: 🗑️ ВЕРСИЯ 3.0: Удаление pending_registration: +79253662869, токен: 7dw0z0suerxobq8k9xxu8
2025-06-28T19:46:20: ✅ ВЕРСИЯ 3.0: Удалено записей pending_registrations: 1
2025-06-28T23:07:36: 🛒 ВЕРСИЯ 3.0: Запрос заказов от пользователя 5998116373
2025-06-28T23:07:36: 🔍 ВЕРСИЯ 3.0: Поиск пользователя по chat_id: 5998116373
2025-06-28T23:07:36: ✅ ВЕРСИЯ 3.0: Пользователь найден: petyatiktoker@gmail.com (verified: 1)
2025-06-28T23:07:36: ✅ ВЕРСИЯ 3.0: Найден пользователь: petyatiktoker@gmail.com (ID: 4835dce1-3268-4921-8a6a-7d851e006b9b)
2025-06-29T03:54:19: 🛒 ВЕРСИЯ 3.0: Запрос заказов от пользователя 6826609528
2025-06-29T03:54:19: 🔍 ВЕРСИЯ 3.0: Поиск пользователя по chat_id: 6826609528
2025-06-29T03:54:19: ✅ ВЕРСИЯ 3.0: Пользователь найден: etodastandetka@gmail.com (verified: 1)
2025-06-29T03:54:19: ✅ ВЕРСИЯ 3.0: Найден пользователь: etodastandetka@gmail.com (ID: 154141b9-d2d9-483a-971f-8dbd4b5c4ef8)
2025-06-29T14:30:17: 🛒 ВЕРСИЯ 3.0: Запрос заказов от пользователя 5998116373
2025-06-29T14:30:17: 🔍 ВЕРСИЯ 3.0: Поиск пользователя по chat_id: 5998116373
2025-06-29T14:30:17: ✅ ВЕРСИЯ 3.0: Пользователь найден: petyatiktoker@gmail.com (verified: 1)
2025-06-29T14:30:17: ✅ ВЕРСИЯ 3.0: Найден пользователь: petyatiktoker@gmail.com (ID: 4835dce1-3268-4921-8a6a-7d851e006b9b)
2025-06-29T17:27:53: 📱 ВЕРСИЯ 3.0: Получена команда /start от пользователя 2036936021, токен: agzg6sb15fjb5hchkh1cpa
2025-06-29T17:27:53: 🆕 НОВАЯ ЛОГИКА 3.0: Поиск пользователя для верификации:
2025-06-29T17:27:53:    🔑 Токен: agzg6sb15fjb5hchkh1cpa
2025-06-29T17:27:53:    💬 Chat ID: 2036936021
2025-06-29T17:27:53: ❌ ВЕРСИЯ 3.0: Пользователь не найден ни по одному критерию
2025-06-29T17:27:53: ❌ ВЕРСИЯ 3.0: Пользователь не найден для токена: agzg6sb15fjb5hchkh1cpa
2025-06-29T17:29:38: 📱 ВЕРСИЯ 3.0: Получена команда /start от пользователя 2036936021, токен: 
2025-06-29T17:36:59: 🛒 ВЕРСИЯ 3.0: Запрос заказов от пользователя 5998116373
2025-06-29T17:36:59: 🔍 ВЕРСИЯ 3.0: Поиск пользователя по chat_id: 5998116373
2025-06-29T17:36:59: ❌ ВЕРСИЯ 3.0: Пользователь не найден по chat_id: 5998116373
2025-06-29T17:36:59: ❌ ВЕРСИЯ 3.0: Пользователь не найден по chat_id 5998116373
2025-06-29T17:36:59: 📋 ВЕРСИЯ 3.0: Пользователи с telegram_chat_id в базе:
2025-06-29T17:38:47: 📱 ВЕРСИЯ 3.0: Получена команда /start от пользователя 5998116373, токен: aaprcujjm98a2584u6omb
2025-06-29T17:38:47: 🆕 НОВАЯ ЛОГИКА 3.0: Поиск пользователя для верификации:
2025-06-29T17:38:47:    🔑 Токен: aaprcujjm98a2584u6omb
2025-06-29T17:38:47:    💬 Chat ID: 5998116373
2025-06-29T17:38:47: ❌ ВЕРСИЯ 3.0: Пользователь не найден ни по одному критерию
2025-06-29T17:38:47: ❌ ВЕРСИЯ 3.0: Пользователь не найден для токена: aaprcujjm98a2584u6omb
2025-06-29T17:39:19: 📱 ВЕРСИЯ 3.0: Получена команда /start от пользователя 5998116373, токен: aaprcujjm98a2584u6omb
2025-06-29T17:39:19: 🆕 НОВАЯ ЛОГИКА 3.0: Поиск пользователя для верификации:
2025-06-29T17:39:19:    🔑 Токен: aaprcujjm98a2584u6omb
2025-06-29T17:39:19:    💬 Chat ID: 5998116373
2025-06-29T17:39:19: ❌ ВЕРСИЯ 3.0: Пользователь не найден ни по одному критерию
2025-06-29T17:39:19: ❌ ВЕРСИЯ 3.0: Пользователь не найден для токена: aaprcujjm98a2584u6omb
2025-06-29T17:39:45: 📱 ВЕРСИЯ 3.0: Получена команда /start от пользователя 5998116373, токен: oz23neko5htydtb528rmf
2025-06-29T17:39:45: 🆕 НОВАЯ ЛОГИКА 3.0: Поиск пользователя для верификации:
2025-06-29T17:39:45:    🔑 Токен: oz23neko5htydtb528rmf
2025-06-29T17:39:45:    💬 Chat ID: 5998116373
2025-06-29T17:39:45: ❌ ВЕРСИЯ 3.0: Пользователь не найден ни по одному критерию
2025-06-29T17:39:45: ❌ ВЕРСИЯ 3.0: Пользователь не найден для токена: oz23neko5htydtb528rmf
2025-06-29T17:48:51: 📱 ВЕРСИЯ 3.0: Получена команда /start от пользователя 6826609528, токен: s4gmm2vpddaj6of99k5etq
2025-06-29T17:48:51: 🆕 НОВАЯ ЛОГИКА 3.0: Поиск пользователя для верификации:
2025-06-29T17:48:51:    🔑 Токен: s4gmm2vpddaj6of99k5etq
2025-06-29T17:48:51:    💬 Chat ID: 6826609528
2025-06-29T17:48:51: ❌ ВЕРСИЯ 3.0: Пользователь не найден ни по одному критерию
2025-06-29T17:48:51: ❌ ВЕРСИЯ 3.0: Пользователь не найден для токена: s4gmm2vpddaj6of99k5etq
2025-06-29T17:49:28: 🎉 ВЕРСИЯ 3.0: Бот успешно запущен!
2025-06-29T17:49:33: 🚀🚀🚀 ЗАПУСК НОВОГО ИСПРАВЛЕННОГО БОТА 2025-01-28 🚀🚀🚀
2025-06-29T17:49:33: НОВЫЙ БОТ ВЕРСИЯ 2.0 ЗАПУЩЕН
2025-06-29T17:49:33: 🤖 Запуск Telegram бота...
2025-06-29T17:49:33: 📁 Путь к базе данных: /var/www/russkii-portal/db/database.sqlite
2025-06-29T17:49:33: 🔥 ИСПРАВЛЕННАЯ ВЕРСИЯ БОТА ЗАПУЩЕНА! (новая логика pending_registrations)
2025-06-29T17:49:49: 📱 ВЕРСИЯ 3.0: Получена команда /start от пользователя 6826609528, токен: 6bbcjtwbcqcqz3ep4naifi
2025-06-29T17:49:49: 🆕 НОВАЯ ЛОГИКА 3.0: Поиск пользователя для верификации:
2025-06-29T17:49:49:    🔑 Токен: 6bbcjtwbcqcqz3ep4naifi
2025-06-29T17:49:49:    💬 Chat ID: 6826609528
2025-06-29T17:49:49: ❌ ВЕРСИЯ 3.0: Пользователь не найден ни по одному критерию
2025-06-29T17:49:49: ❌ ВЕРСИЯ 3.0: Пользователь не найден для токена: 6bbcjtwbcqcqz3ep4naifi
2025-06-29T17:58:07: ❌ Ошибка запуска бота: TelegramError: 409: Conflict: terminated by other getUpdates request; make sure that only one bot instance is running
    at Telegram.callApi (/var/www/russkii-portal/node_modules/telegraf/lib/core/network/client.js:315:19)
    at process.processTicksAndRejections (node:internal/process/task_queues:95:5)
    at async [Symbol.asyncIterator] (/var/www/russkii-portal/node_modules/telegraf/lib/core/network/polling.js:30:33)
    at async Polling.loop (/var/www/russkii-portal/node_modules/telegraf/lib/core/network/polling.js:73:30)
    at async Telegraf.launch (/var/www/russkii-portal/node_modules/telegraf/lib/telegraf.js:194:13) {
  response: {
    ok: false,
    error_code: 409,
    description: 'Conflict: terminated by other getUpdates request; make sure that only one bot instance is running'
  },
  on: {
    method: 'getUpdates',
    payload: { timeout: 50, offset: 975925279, allowed_updates: [] }
  }
}
2025-06-29T17:58:08: 🚀🚀🚀 ЗАПУСК НОВОГО ИСПРАВЛЕННОГО БОТА 2025-01-28 🚀🚀🚀
2025-06-29T17:58:08: НОВЫЙ БОТ ВЕРСИЯ 2.0 ЗАПУЩЕН
2025-06-29T17:58:08: 🤖 Запуск Telegram бота...
2025-06-29T17:58:08: 📁 Путь к базе данных: /var/www/russkii-portal/db/database.sqlite
2025-06-29T17:58:08: 🔥 ИСПРАВЛЕННАЯ ВЕРСИЯ БОТА ЗАПУЩЕНА! (новая логика pending_registrations)
2025-06-29T17:58:56: 📱 ВЕРСИЯ 3.0: Получена команда /start от пользователя 6826609528, токен: a2omjft3jstf1a7bn2ltlv
2025-06-29T17:58:56: 🆕 НОВАЯ ЛОГИКА 3.0: Поиск пользователя для верификации:
2025-06-29T17:58:56:    🔑 Токен: a2omjft3jstf1a7bn2ltlv
2025-06-29T17:58:56:    💬 Chat ID: 6826609528
2025-06-29T17:58:56: ❌ ВЕРСИЯ 3.0: Пользователь не найден ни по одному критерию
2025-06-29T17:58:56: ❌ ВЕРСИЯ 3.0: Пользователь не найден для токена: a2omjft3jstf1a7bn2ltlv
2025-06-29T17:59:20: 🎉 ВЕРСИЯ 3.0: Бот успешно запущен!
2025-06-29T19:07:27: 🚀🚀🚀 ЗАПУСК НОВОГО ИСПРАВЛЕННОГО БОТА 2025-01-28 🚀🚀🚀
2025-06-29T19:07:27: НОВЫЙ БОТ ВЕРСИЯ 2.0 ЗАПУЩЕН
2025-06-29T19:07:27: 🤖 Запуск Telegram бота...
2025-06-29T19:07:27: 📁 Путь к базе данных: /var/www/russkii-portal/db/database.sqlite
2025-06-29T19:07:27: 🔥 ИСПРАВЛЕННАЯ ВЕРСИЯ БОТА ЗАПУЩЕНА! (новая логика pending_registrations)
2025-06-29T19:07:53: 📱 ВЕРСИЯ 3.0: Получена команда /start от пользователя 6826609528, токен: 
2025-06-29T19:13:56: 📱 ВЕРСИЯ 3.0: Получена команда /start от пользователя 6826609528, токен: bv1bqmb8ofpddj4tsijvo4
2025-06-29T19:13:56: 🆕 НОВАЯ ЛОГИКА 3.0: Поиск пользователя для верификации:
2025-06-29T19:13:56:    🔑 Токен: bv1bqmb8ofpddj4tsijvo4
2025-06-29T19:13:56:    💬 Chat ID: 6826609528
2025-06-29T19:13:56: 🎯 ВЕРСИЯ 3.0: Найдена запись в pending_registrations:
2025-06-29T19:13:56:    📞 Телефон: +79920793424
2025-06-29T19:13:56:    ✅ Верифицирован: Нет
2025-06-29T19:13:56:    📅 Создан: 2025-06-29 16:13:53
2025-06-29T19:13:56:    📧 ВЕРСИЯ 3.0 - Email: etodastandetka@gmail.com
2025-06-29T19:13:56: 🚀 ВЕРСИЯ 3.0: Верифицируем pending_registrations...
2025-06-29T19:13:56: 🎉 ВЕРСИЯ 3.0: Pending registration верифицирована успешно
2025-06-29T19:13:56: ⏳ ВЕРСИЯ 3.0: Обработка ожидающей верификации для: etodastandetka@gmail.com
2025-06-29T19:14:02: 📱 ВЕРСИЯ 3.0: Получен контакт от пользователя 6826609528: +79920793424
2025-06-29T19:14:02: 🔍 ВЕРСИЯ 3.0: Начинаем обработку контакта от 6826609528
2025-06-29T19:14:02: 🔍 ВЕРСИЯ 3.0: Поиск пользователя по chat_id: 6826609528
2025-06-29T19:14:02: ❌ ВЕРСИЯ 3.0: Пользователь не найден по chat_id: 6826609528
2025-06-29T19:14:02: ⚠️ ВЕРСИЯ 3.0: Пользователь не найден по chat_id, ищем в pending_registrations...
2025-06-29T19:14:02: 📋 ВЕРСИЯ 3.0: Пользователи с telegram_chat_id в базе:
2025-06-29T19:14:02:    1. Email: helenheinlein@yandex.ru, Chat ID: 2036936021, Verified: 1
2025-06-29T19:14:02: 📋 ВЕРСИЯ 3.0: Найдена pending_registration для etodastandetka@gmail.com
2025-06-29T19:14:02: ✅ ВЕРСИЯ 3.0: Работаем с пользователем: etodastandetka@gmail.com
2025-06-29T19:14:02: 📞 ВЕРСИЯ 3.0: Исходный номер: "+79920793424"
2025-06-29T19:14:02: 📞 ВЕРСИЯ 3.0: Нормализованный полученный номер: "+79920793424"
2025-06-29T19:14:02: 📋 ВЕРСИЯ 3.0: Ожидаемый номер из users: +79920793424
2025-06-29T19:14:02: 🔍 ВЕРСИЯ 3.0: Сравнение номеров: ожидаемый "+79920793424" vs полученный "+79920793424"
2025-06-29T19:14:02: ✅ ВЕРСИЯ 3.0: Номера совпадают, подтверждаем верификацию
2025-06-29T19:14:02: 🆕 ВЕРСИЯ 3.0: Обрабатываем pending_registration...
2025-06-29T19:14:02: 🆕 ВЕРСИЯ 3.0: Создаем нового пользователя: etodastandetka@gmail.com
2025-06-29T19:14:02: ✅ ВЕРСИЯ 3.0: Пользователь создан: etodastandetka@gmail.com (ID: d2c7a780-38a2-4637-9860-153c3b3cd25e)
2025-06-29T19:14:02: 🗑️ ВЕРСИЯ 3.0: Удаление pending_registration: +79920793424, токен: bv1bqmb8ofpddj4tsijvo4
2025-06-29T19:14:02: ✅ ВЕРСИЯ 3.0: Удалено записей pending_registrations: 1
2025-06-29T19:17:10: 🛒 ВЕРСИЯ 3.0: Запрос заказов от пользователя 6826609528
2025-06-29T19:17:10: 🔍 ВЕРСИЯ 3.0: Поиск пользователя по chat_id: 6826609528
2025-06-29T19:17:10: ✅ ВЕРСИЯ 3.0: Пользователь найден: etodastandetka@gmail.com (verified: 1)
2025-06-29T19:17:10: ✅ ВЕРСИЯ 3.0: Найден пользователь: etodastandetka@gmail.com (ID: d2c7a780-38a2-4637-9860-153c3b3cd25e)
2025-06-29T19:18:35: 🎉 ВЕРСИЯ 3.0: Бот успешно запущен!
2025-06-29T19:18:40: 🚀🚀🚀 ЗАПУСК НОВОГО ИСПРАВЛЕННОГО БОТА 2025-01-28 🚀🚀🚀
2025-06-29T19:18:40: НОВЫЙ БОТ ВЕРСИЯ 2.0 ЗАПУЩЕН
2025-06-29T19:18:40: 🤖 Запуск Telegram бота...
2025-06-29T19:18:40: 📁 Путь к базе данных: /var/www/russkii-portal/db/database.sqlite
2025-06-29T19:18:40: 🔥 ИСПРАВЛЕННАЯ ВЕРСИЯ БОТА ЗАПУЩЕНА! (новая логика pending_registrations)
2025-06-29T19:19:27: 📱 ВЕРСИЯ 3.0: Получена команда /start от пользователя 6826609528, токен: dgtkioqamouotdhxu34zp
2025-06-29T19:19:27: 🆕 НОВАЯ ЛОГИКА 3.0: Поиск пользователя для верификации:
2025-06-29T19:19:27:    🔑 Токен: dgtkioqamouotdhxu34zp
2025-06-29T19:19:27:    💬 Chat ID: 6826609528
2025-06-29T19:19:27: 🎯 ВЕРСИЯ 3.0: Найдена запись в pending_registrations:
2025-06-29T19:19:27:    📞 Телефон: +79920793424
2025-06-29T19:19:27:    ✅ Верифицирован: Нет
2025-06-29T19:19:27:    📅 Создан: 2025-06-29 16:19:24
2025-06-29T19:19:27:    📧 ВЕРСИЯ 3.0 - Email: etodastandetka@gmail.com
2025-06-29T19:19:27: 🚀 ВЕРСИЯ 3.0: Верифицируем pending_registrations...
2025-06-29T19:19:27: 🎉 ВЕРСИЯ 3.0: Pending registration верифицирована успешно
2025-06-29T19:19:27: ⏳ ВЕРСИЯ 3.0: Обработка ожидающей верификации для: etodastandetka@gmail.com
2025-06-29T19:19:36: 📱 ВЕРСИЯ 3.0: Получен контакт от пользователя 6826609528: +79920793424
2025-06-29T19:19:36: 🔍 ВЕРСИЯ 3.0: Начинаем обработку контакта от 6826609528
2025-06-29T19:19:36: 🔍 ВЕРСИЯ 3.0: Поиск пользователя по chat_id: 6826609528
2025-06-29T19:19:36: ✅ ВЕРСИЯ 3.0: Пользователь найден: etodastandetka@gmail.com (verified: 1)
2025-06-29T19:19:36: ✅ ВЕРСИЯ 3.0: Работаем с пользователем: etodastandetka@gmail.com
2025-06-29T19:19:36: 📞 ВЕРСИЯ 3.0: Исходный номер: "+79920793424"
2025-06-29T19:19:36: 📞 ВЕРСИЯ 3.0: Нормализованный полученный номер: "+79920793424"
2025-06-29T19:19:36: 📋 ВЕРСИЯ 3.0: Ожидаемый номер из users: +79920793424
2025-06-29T19:19:36: 🔍 ВЕРСИЯ 3.0: Сравнение номеров: ожидаемый "+79920793424" vs полученный "+79920793424"
2025-06-29T19:19:36: ✅ ВЕРСИЯ 3.0: Номера совпадают, подтверждаем верификацию
2025-06-29T19:19:36: ✅ ВЕРСИЯ 3.0: Пользователь верифицирован в users
2025-06-29T19:21:22: 🎉 ВЕРСИЯ 3.0: Бот успешно запущен!
